\BOOKMARK [0][-]{chapter.1}{A little bit of theory}{}% 1
\BOOKMARK [1][-]{section.1.1}{Data structures}{chapter.1}% 2
\BOOKMARK [2][-]{subsection.1.1.1}{\277What is a data structure?}{section.1.1}% 3
\BOOKMARK [2][-]{subsection.1.1.2}{\277Why do we need data strucures?}{section.1.1}% 4
\BOOKMARK [2][-]{subsection.1.1.3}{Basic data structures}{section.1.1}% 5
\BOOKMARK [0][-]{chapter.2}{Basic data structures}{}% 6
\BOOKMARK [1][-]{section.2.1}{Arrays}{chapter.2}% 7
\BOOKMARK [2][-]{subsection.2.1.1}{Some problems}{section.2.1}% 8
\BOOKMARK [1][-]{section.2.2}{Stacks}{chapter.2}% 9
\BOOKMARK [2][-]{subsection.2.2.1}{Some problems}{section.2.2}% 10
\BOOKMARK [1][-]{section.2.3}{Queues}{chapter.2}% 11
\BOOKMARK [2][-]{subsection.2.3.1}{Problems}{section.2.3}% 12
\BOOKMARK [1][-]{section.2.4}{Singly linked lists}{chapter.2}% 13
\BOOKMARK [2][-]{subsection.2.4.1}{Problems}{section.2.4}% 14
\BOOKMARK [1][-]{section.2.5}{Doubly linked lists}{chapter.2}% 15
\BOOKMARK [1][-]{section.2.6}{Graphs}{chapter.2}% 16
\BOOKMARK [2][-]{subsection.2.6.1}{Types of graphs}{section.2.6}% 17
\BOOKMARK [2][-]{subsection.2.6.2}{Weighted graphs}{section.2.6}% 18
\BOOKMARK [2][-]{subsection.2.6.3}{Directed acyclic graphs \(DAGs\)}{section.2.6}% 19
\BOOKMARK [2][-]{subsection.2.6.4}{Bipartite graph}{section.2.6}% 20
\BOOKMARK [2][-]{subsection.2.6.5}{Complete graphs}{section.2.6}% 21
\BOOKMARK [2][-]{subsection.2.6.6}{\277How can we represent a graph?}{section.2.6}% 22
\BOOKMARK [2][-]{subsection.2.6.7}{Common graph theory problems}{section.2.6}% 23
\BOOKMARK [1][-]{section.2.7}{Trees}{chapter.2}% 24
\BOOKMARK [2][-]{subsection.2.7.1}{Roted trees}{section.2.7}% 25
\BOOKMARK [1][-]{section.2.8}{Tries}{chapter.2}% 26
